{
  "RSpec": {
    "coverage": {
      "/home/generic-puppet-7755/tic-tac-toe-rb-online-web-sp-000/lib/tic_tac_toe.rb": [
        null,
        1,
        null,
        null,
        null,
        null,
        null,
        null,
        null,
        null,
        null,
        1,
        14,
        14,
        14,
        14,
        14,
        null,
        null,
        1,
        13,
        null,
        null,
        1,
        12,
        null,
        null,
        1,
        4,
        null,
        null,
        1,
        null,
        13,
        null,
        null,
        1,
        59,
        null,
        null,
        1,
        0,
        0,
        0,
        0,
        0,
        0,
        null,
        0,
        null,
        null,
        null,
        1,
        12,
        10,
        null,
        10,
        9,
        9,
        null,
        1,
        null,
        null,
        null,
        null,
        1,
        null,
        12,
        10,
        null,
        null,
        null
      ]
    },
    "timestamp": 1572535019
  }
}
