{
  "RSpec": {
    "coverage": {
      "/home/generic-puppet-7755/tic-tac-toe-rb-online-web-sp-000/lib/tic_tac_toe.rb": [
        null,
        1,
        null,
        null,
        null,
        null,
        null,
        null,
        null,
        null,
        null,
        1,
        null,
        580,
        522,
        null,
        null,
        null,
        null,
        1,
        24,
        24,
        24,
        24,
        24,
        null,
        null,
        1,
        23,
        null,
        null,
        1,
        22,
        null,
        null,
        1,
        4,
        null,
        null,
        1,
        null,
        23,
        null,
        null,
        1,
        138,
        null,
        null,
        1,
        10,
        null,
        null,
        1,
        20,
        20,
        180,
        null,
        20,
        null,
        null,
        1,
        28,
        null,
        null,
        1,
        26,
        15,
        null,
        11,
        null,
        null,
        null,
        1,
        null,
        11,
        11,
        11,
        11,
        65,
        4,
        61,
        2,
        null,
        59,
        59,
        null,
        null,
        null,
        1,
        20,
        20,
        null,
        20,
        19,
        19,
        19,
        null,
        1,
        null,
        null,
        null,
        1,
        50,
        3,
        null,
        47,
        47,
        null,
        47,
        47,
        null,
        47,
        312,
        13,
        13,
        299,
        3,
        3,
        null,
        null,
        null,
        null,
        47,
        13,
        34,
        3,
        null,
        null,
        null,
        null,
        1,
        null,
        12,
        17,
        null,
        null,
        12,
        3,
        9,
        9,
        null,
        null
      ]
    },
    "timestamp": 1572538602
  }
}
